<?xml version="1.0" encoding="utf-8"?><testsuites name="pytest tests"><testsuite name="pytest" errors="0" failures="0" skipped="0" tests="7" time="29.916" timestamp="2026-08-20T19:12:50.629832+00:00" hostname="agent-env-93320c78-8149-4cf9-a140-f44c851b9417"><testcase classname="tests.backend_test.TestBimbingTeks" name="test_bimbing_teks_returns_full_kartu" time="11.668" /><testcase classname="tests.backend_test.TestBimbingFoto" name="test_bimbing_foto_reads_homework" time="9.230" /><testcase classname="tests.backend_test.TestBimbingFoto" name="test_bimbing_foto_bad_base64_returns_400" time="0.195" /><testcase classname="tests.backend_test.TestCurhat" name="test_curhat_returns_warm_indonesian" time="12.827" /><testcase classname="tests.backend_test.TestBimbingTeks" name="test_bimbing_teks_kosong_returns_400" time="0.219" /><testcase classname="tests.backend_test.TestStatusAI" name="test_status_ai_ok" time="0.207" /><testcase classname="tests.backend_test.TestTanyaSpontan" name="test_spontan_returns_short_analogy" time="7.007" /></testsuite></testsuites>